Using pre-set license
Built from '2021.1/staging' branch; Version is '2021.1.2f1 (e5d502d80fbb) revision 15062274'; Using compiler version '192528614'; Build Type 'Release'
OS: 'Windows 10 Home Single Language; OS build 19041.928; Version 2004; 64bit' Language: 'ru' Physical Memory: 15297 MB
BatchMode: 1, IsHumanControllingUs: 0, StartBugReporterOnCrash: 0, Is64bit: 1, IsPro: 0

 COMMAND LINE ARGUMENTS:
D:\unity\2021.1.2f1\Editor\Unity.exe
-adb2
-batchMode
-noUpm
-name
AssetImportWorker0
-projectPath
D:/test/Tower_Defence
-logFile
Logs/AssetImportWorker0.log
-srvPort
60021
Successfully changed project path to: D:/test/Tower_Defence
D:/test/Tower_Defence
Using Asset Import Pipeline V2.
Refreshing native plugins compatible for Editor in 240.82 ms, found 1 plugins.
Preloading 0 native plugins for Editor in 0.00 ms.
Initialize engine version: 2021.1.2f1 (e5d502d80fbb)
[Subsystems] Discovering subsystems at path D:/unity/2021.1.2f1/Editor/Data/Resources/UnitySubsystems
[Subsystems] Discovering subsystems at path D:/test/Tower_Defence/Assets
GfxDevice: creating device client; threaded=0; jobified=0
Direct3D:
    Version:  Direct3D 11.0 [level 11.1]
    Renderer: AMD Radeon(TM) Vega 8 Graphics (ID=0x15d8)
    Vendor:   ATI
    VRAM:     7648 MB
    Driver:   26.20.11030.22001
Initialize mono
Mono path[0] = 'D:/unity/2021.1.2f1/Editor/Data/Managed'
Mono path[1] = 'D:/unity/2021.1.2f1/Editor/Data/MonoBleedingEdge/lib/mono/unityjit'
Mono config path = 'D:/unity/2021.1.2f1/Editor/Data/MonoBleedingEdge/etc'
Using monoOptions --debugger-agent=transport=dt_socket,embedding=1,server=y,suspend=n,address=127.0.0.1:56024
Begin MonoManager ReloadAssembly
Registering precompiled unity dll's ...
Register platform support module: D:/unity/2021.1.2f1/Editor/Data/PlaybackEngines/WindowsStandaloneSupport/UnityEditor.WindowsStandalone.Extensions.dll
Registered in 0.002894 seconds.
Native extension for WindowsStandalone target not found
Refreshing native plugins compatible for Editor in 340.52 ms, found 1 plugins.
Preloading 0 native plugins for Editor in 0.00 ms.
Mono: successfully reloaded assembly
- Completed reload, in  3.506 seconds
Platform modules already initialized, skipping
Registering precompiled user dll's ...
Registered in 0.006712 seconds.
Begin MonoManager ReloadAssembly
Native extension for WindowsStandalone target not found
Refreshing native plugins compatible for Editor in 1.83 ms, found 1 plugins.
Preloading 0 native plugins for Editor in 0.00 ms.
Mono: successfully reloaded assembly
- Completed reload, in  3.705 seconds
Platform modules already initialized, skipping
========================================================================
Worker process is ready to serve import requests
Launched and connected shader compiler UnityShaderCompiler.exe after 0.14 seconds
Refreshing native plugins compatible for Editor in 1.80 ms, found 1 plugins.
Preloading 0 native plugins for Editor in 0.00 ms.
Unloading 2700 Unused Serialized files (Serialized files now loaded: 0)
System memory in use before: 100.8 MB.
System memory in use after: 101.0 MB.

Unloading 14 unused Assets to reduce memory usage. Loaded Objects now: 3154.
Total: 6.997600 ms (FindLiveObjects: 0.786200 ms CreateObjectMapping: 0.523700 ms MarkObjects: 5.517600 ms  DeleteObjects: 0.166300 ms)

========================================================================
Received Import Request.
  path: Assets/Script/DataStructures.cs
  artifactKey: Guid(bf22adb9966bb5d49b0d9890716a9ebb) Importer(815301076,1909f56bfc062723c751e8b465ee728b)
Start importing Assets/Script/DataStructures.cs using Guid(bf22adb9966bb5d49b0d9890716a9ebb) Importer(815301076,1909f56bfc062723c751e8b465ee728b)  -> (artifact id: '7871605c6bebc057eefa999cf160f269') in 0.104847 seconds 
========================================================================
Received Prepare
Registering precompiled user dll's ...
Registered in 0.006005 seconds.
Begin MonoManager ReloadAssembly
Native extension for WindowsStandalone target not found
Refreshing native plugins compatible for Editor in 1.87 ms, found 1 plugins.
Preloading 0 native plugins for Editor in 0.00 ms.
Mono: successfully reloaded assembly
- Completed reload, in  2.812 seconds
Platform modules already initialized, skipping
Refreshing native plugins compatible for Editor in 1.60 ms, found 1 plugins.
Preloading 0 native plugins for Editor in 0.00 ms.
Unloading 2682 Unused Serialized files (Serialized files now loaded: 0)
System memory in use before: 99.5 MB.
System memory in use after: 99.7 MB.

Unloading 9 unused Assets to reduce memory usage. Loaded Objects now: 3157.
Total: 5.102400 ms (FindLiveObjects: 0.494100 ms CreateObjectMapping: 0.185600 ms MarkObjects: 4.379600 ms  DeleteObjects: 0.039500 ms)

========================================================================
Received Prepare
Registering precompiled user dll's ...
Registered in 0.006036 seconds.
Begin MonoManager ReloadAssembly
Native extension for WindowsStandalone target not found
Refreshing native plugins compatible for Editor in 1.95 ms, found 1 plugins.
Preloading 0 native plugins for Editor in 0.00 ms.
Mono: successfully reloaded assembly
- Completed reload, in  2.751 seconds
Platform modules already initialized, skipping
Refreshing native plugins compatible for Editor in 1.16 ms, found 1 plugins.
Preloading 0 native plugins for Editor in 0.00 ms.
Unloading 2682 Unused Serialized files (Serialized files now loaded: 0)
System memory in use before: 99.5 MB.
System memory in use after: 99.8 MB.

Unloading 9 unused Assets to reduce memory usage. Loaded Objects now: 3160.
Total: 5.425000 ms (FindLiveObjects: 0.591100 ms CreateObjectMapping: 0.302200 ms MarkObjects: 4.485200 ms  DeleteObjects: 0.043000 ms)

========================================================================
Received Prepare
Registering precompiled user dll's ...
Registered in 0.005970 seconds.
Begin MonoManager ReloadAssembly
Native extension for WindowsStandalone target not found
Refreshing native plugins compatible for Editor in 1.16 ms, found 1 plugins.
Preloading 0 native plugins for Editor in 0.00 ms.
Mono: successfully reloaded assembly
- Completed reload, in  2.745 seconds
Platform modules already initialized, skipping
Refreshing native plugins compatible for Editor in 1.15 ms, found 1 plugins.
Preloading 0 native plugins for Editor in 0.00 ms.
Unloading 2682 Unused Serialized files (Serialized files now loaded: 0)
System memory in use before: 99.6 MB.
System memory in use after: 99.8 MB.

Unloading 9 unused Assets to reduce memory usage. Loaded Objects now: 3163.
Total: 5.162700 ms (FindLiveObjects: 0.476400 ms CreateObjectMapping: 0.187900 ms MarkObjects: 4.456700 ms  DeleteObjects: 0.038900 ms)

========================================================================
Received Import Request.
  Time since last request: 807.383941 seconds.
  path: Assets/Prefabs/TowerUprgadeUIElement.prefab
  artifactKey: Guid(00e8e8d159973914f91bef5fa582be33) Importer(815301076,1909f56bfc062723c751e8b465ee728b)
Start importing Assets/Prefabs/TowerUprgadeUIElement.prefab using Guid(00e8e8d159973914f91bef5fa582be33) Importer(815301076,1909f56bfc062723c751e8b465ee728b)  -> (artifact id: 'bd9b0932d729aa78ebb6f2d821a32c31') in 0.303161 seconds 
========================================================================
Received Import Request.
  Time since last request: 10.645449 seconds.
  path: Assets/Prefabs/TowerUprgadeUIElement.prefab
  artifactKey: Guid(00e8e8d159973914f91bef5fa582be33) Importer(815301076,1909f56bfc062723c751e8b465ee728b)
Start importing Assets/Prefabs/TowerUprgadeUIElement.prefab using Guid(00e8e8d159973914f91bef5fa582be33) Importer(815301076,1909f56bfc062723c751e8b465ee728b)  -> (artifact id: '4034284e9fae2e1910be97c096f17f24') in 0.078237 seconds 
========================================================================
Received Import Request.
  Time since last request: 3.024744 seconds.
  path: Assets/Prefabs/TowerUprgadeUIElement.prefab
  artifactKey: Guid(00e8e8d159973914f91bef5fa582be33) Importer(815301076,1909f56bfc062723c751e8b465ee728b)
Start importing Assets/Prefabs/TowerUprgadeUIElement.prefab using Guid(00e8e8d159973914f91bef5fa582be33) Importer(815301076,1909f56bfc062723c751e8b465ee728b)  -> (artifact id: 'd4f62a24b91ad0cd3dafa78f414af1a9') in 0.076567 seconds 
========================================================================
Received Import Request.
  Time since last request: 31.373741 seconds.
  path: Assets/Prefabs/TowerUprgadeUIElement.prefab
  artifactKey: Guid(00e8e8d159973914f91bef5fa582be33) Importer(815301076,1909f56bfc062723c751e8b465ee728b)
Start importing Assets/Prefabs/TowerUprgadeUIElement.prefab using Guid(00e8e8d159973914f91bef5fa582be33) Importer(815301076,1909f56bfc062723c751e8b465ee728b)  -> (artifact id: '977bbfefcd0f7a6eb5c75fd9191102c3') in 0.077522 seconds 
========================================================================
Received Import Request.
  Time since last request: 8.708457 seconds.
  path: Assets/Prefabs/TowerUprgadeUIElement.prefab
  artifactKey: Guid(00e8e8d159973914f91bef5fa582be33) Importer(815301076,1909f56bfc062723c751e8b465ee728b)
Start importing Assets/Prefabs/TowerUprgadeUIElement.prefab using Guid(00e8e8d159973914f91bef5fa582be33) Importer(815301076,1909f56bfc062723c751e8b465ee728b)  -> (artifact id: '0ad02cb3c0a391b2e730217eba9d9a14') in 0.076231 seconds 
========================================================================
Received Import Request.
  Time since last request: 1.170418 seconds.
  path: Assets/Prefabs/TowerUprgadeUIElement.prefab
  artifactKey: Guid(00e8e8d159973914f91bef5fa582be33) Importer(815301076,1909f56bfc062723c751e8b465ee728b)
Start importing Assets/Prefabs/TowerUprgadeUIElement.prefab using Guid(00e8e8d159973914f91bef5fa582be33) Importer(815301076,1909f56bfc062723c751e8b465ee728b)  -> (artifact id: 'aa17b15e7d12a9ce3d69fd1cab83976b') in 0.077135 seconds 
========================================================================
Received Import Request.
  Time since last request: 1.586446 seconds.
  path: Assets/Prefabs/TowerUprgadeUIElement.prefab
  artifactKey: Guid(00e8e8d159973914f91bef5fa582be33) Importer(815301076,1909f56bfc062723c751e8b465ee728b)
Start importing Assets/Prefabs/TowerUprgadeUIElement.prefab using Guid(00e8e8d159973914f91bef5fa582be33) Importer(815301076,1909f56bfc062723c751e8b465ee728b)  -> (artifact id: '496b3824efe5f6b31bdb31544106f58d') in 0.076631 seconds 
========================================================================
Received Import Request.
  Time since last request: 3.627095 seconds.
  path: Assets/Prefabs/TowerUprgadeUIElement.prefab
  artifactKey: Guid(00e8e8d159973914f91bef5fa582be33) Importer(815301076,1909f56bfc062723c751e8b465ee728b)
Start importing Assets/Prefabs/TowerUprgadeUIElement.prefab using Guid(00e8e8d159973914f91bef5fa582be33) Importer(815301076,1909f56bfc062723c751e8b465ee728b)  -> (artifact id: '9a4e53fc79fec2f876457fbf36b52514') in 0.077240 seconds 
========================================================================
Received Import Request.
  Time since last request: 0.719344 seconds.
  path: Assets/Prefabs/TowerUprgadeUIElement.prefab
  artifactKey: Guid(00e8e8d159973914f91bef5fa582be33) Importer(815301076,1909f56bfc062723c751e8b465ee728b)
Start importing Assets/Prefabs/TowerUprgadeUIElement.prefab using Guid(00e8e8d159973914f91bef5fa582be33) Importer(815301076,1909f56bfc062723c751e8b465ee728b)  -> (artifact id: '9f949a021c76ca716073dcf3477ef977') in 0.082611 seconds 
========================================================================
Received Import Request.
  Time since last request: 94.972444 seconds.
  path: Assets/Prefabs/TowerUprgadeUIElement.prefab
  artifactKey: Guid(00e8e8d159973914f91bef5fa582be33) Importer(815301076,1909f56bfc062723c751e8b465ee728b)
Start importing Assets/Prefabs/TowerUprgadeUIElement.prefab using Guid(00e8e8d159973914f91bef5fa582be33) Importer(815301076,1909f56bfc062723c751e8b465ee728b)  -> (artifact id: '9ed49fa3f01591f6111de5938ad102e5') in 0.075286 seconds 
========================================================================
Received Import Request.
  Time since last request: 3.206649 seconds.
  path: Assets/Prefabs/TowerUprgadeUIElement.prefab
  artifactKey: Guid(00e8e8d159973914f91bef5fa582be33) Importer(815301076,1909f56bfc062723c751e8b465ee728b)
Start importing Assets/Prefabs/TowerUprgadeUIElement.prefab using Guid(00e8e8d159973914f91bef5fa582be33) Importer(815301076,1909f56bfc062723c751e8b465ee728b)  -> (artifact id: '482a39325ac047434f0efffa3abd439e') in 0.077401 seconds 
========================================================================
Received Import Request.
  Time since last request: 73.645470 seconds.
  path: Assets/Prefabs/TowerUprgadeUIElement 1.prefab
  artifactKey: Guid(b409a1a328d87c946b6dbf1a1581bcb9) Importer(815301076,1909f56bfc062723c751e8b465ee728b)
Start importing Assets/Prefabs/TowerUprgadeUIElement 1.prefab using Guid(b409a1a328d87c946b6dbf1a1581bcb9) Importer(815301076,1909f56bfc062723c751e8b465ee728b)  -> (artifact id: '8e86e0aeb109e5abe9c3b53e48f9fec2') in 0.093010 seconds 
========================================================================
Received Import Request.
  Time since last request: 7.359602 seconds.
  path: Assets/Prefabs/TowerUprgadeUIElement 1.prefab
  artifactKey: Guid(b409a1a328d87c946b6dbf1a1581bcb9) Importer(815301076,1909f56bfc062723c751e8b465ee728b)
Start importing Assets/Prefabs/TowerUprgadeUIElement 1.prefab using Guid(b409a1a328d87c946b6dbf1a1581bcb9) Importer(815301076,1909f56bfc062723c751e8b465ee728b)  -> (artifact id: '0fc5484155ec9368628a04ffb0b78c5f') in 0.072679 seconds 
========================================================================
Received Import Request.
  Time since last request: 47.367372 seconds.
  path: Assets/Prefabs/TowerUprgadeUIElement.prefab
  artifactKey: Guid(00e8e8d159973914f91bef5fa582be33) Importer(815301076,1909f56bfc062723c751e8b465ee728b)
Start importing Assets/Prefabs/TowerUprgadeUIElement.prefab using Guid(00e8e8d159973914f91bef5fa582be33) Importer(815301076,1909f56bfc062723c751e8b465ee728b)  -> (artifact id: '64a653eaea400993457180a3c0bccabd') in 0.075788 seconds 
========================================================================
Received Import Request.
  Time since last request: 7.941374 seconds.
  path: Assets/Prefabs/TowerUprgadeUIElement.prefab
  artifactKey: Guid(00e8e8d159973914f91bef5fa582be33) Importer(815301076,1909f56bfc062723c751e8b465ee728b)
Start importing Assets/Prefabs/TowerUprgadeUIElement.prefab using Guid(00e8e8d159973914f91bef5fa582be33) Importer(815301076,1909f56bfc062723c751e8b465ee728b)  -> (artifact id: '3877b6de913ef215f45418034ca32b88') in 0.077089 seconds 
========================================================================
Received Import Request.
  Time since last request: 2.381843 seconds.
  path: Assets/Prefabs/TowerUprgadeUIElement.prefab
  artifactKey: Guid(00e8e8d159973914f91bef5fa582be33) Importer(815301076,1909f56bfc062723c751e8b465ee728b)
Start importing Assets/Prefabs/TowerUprgadeUIElement.prefab using Guid(00e8e8d159973914f91bef5fa582be33) Importer(815301076,1909f56bfc062723c751e8b465ee728b)  -> (artifact id: '87e7277243c5fb50ad498fcac94ca041') in 0.078694 seconds 
========================================================================
Received Import Request.
  Time since last request: 18.338389 seconds.
  path: Assets/Prefabs/TowerUprgadeUIElement.prefab
  artifactKey: Guid(00e8e8d159973914f91bef5fa582be33) Importer(815301076,1909f56bfc062723c751e8b465ee728b)
Start importing Assets/Prefabs/TowerUprgadeUIElement.prefab using Guid(00e8e8d159973914f91bef5fa582be33) Importer(815301076,1909f56bfc062723c751e8b465ee728b)  -> (artifact id: '45ffeb7df75a85f44c14e21bc0cea777') in 0.086888 seconds 
========================================================================
Received Import Request.
  Time since last request: 3.255745 seconds.
  path: Assets/Prefabs/TowerUprgadeUIElement.prefab
  artifactKey: Guid(00e8e8d159973914f91bef5fa582be33) Importer(815301076,1909f56bfc062723c751e8b465ee728b)
Start importing Assets/Prefabs/TowerUprgadeUIElement.prefab using Guid(00e8e8d159973914f91bef5fa582be33) Importer(815301076,1909f56bfc062723c751e8b465ee728b)  -> (artifact id: '8d093b130343b871555235712a14a7d3') in 0.078682 seconds 
========================================================================
Received Import Request.
  Time since last request: 18.525923 seconds.
  path: Assets/Prefabs/TowerUprgadeUIElement.prefab
  artifactKey: Guid(00e8e8d159973914f91bef5fa582be33) Importer(815301076,1909f56bfc062723c751e8b465ee728b)
Start importing Assets/Prefabs/TowerUprgadeUIElement.prefab using Guid(00e8e8d159973914f91bef5fa582be33) Importer(815301076,1909f56bfc062723c751e8b465ee728b)  -> (artifact id: '66214588c5dabc80404200e8152f543a') in 0.082452 seconds 
========================================================================
Received Import Request.
  Time since last request: 4.190220 seconds.
  path: Assets/Prefabs/TowerUprgadeUIElement.prefab
  artifactKey: Guid(00e8e8d159973914f91bef5fa582be33) Importer(815301076,1909f56bfc062723c751e8b465ee728b)
Start importing Assets/Prefabs/TowerUprgadeUIElement.prefab using Guid(00e8e8d159973914f91bef5fa582be33) Importer(815301076,1909f56bfc062723c751e8b465ee728b)  -> (artifact id: '5af0e515d4e04638f749e756fd95ebf7') in 0.073651 seconds 
========================================================================
Received Prepare
Registering precompiled user dll's ...
Registered in 0.005695 seconds.
Begin MonoManager ReloadAssembly
Native extension for WindowsStandalone target not found
Refreshing native plugins compatible for Editor in 1.17 ms, found 1 plugins.
Preloading 0 native plugins for Editor in 0.00 ms.
Mono: successfully reloaded assembly
- Completed reload, in  2.750 seconds
Platform modules already initialized, skipping
Refreshing native plugins compatible for Editor in 1.14 ms, found 1 plugins.
Preloading 0 native plugins for Editor in 0.00 ms.
Unloading 2682 Unused Serialized files (Serialized files now loaded: 0)
System memory in use before: 99.6 MB.
System memory in use after: 99.9 MB.

Unloading 11 unused Assets to reduce memory usage. Loaded Objects now: 3166.
Total: 5.769200 ms (FindLiveObjects: 0.736400 ms CreateObjectMapping: 0.449300 ms MarkObjects: 4.520100 ms  DeleteObjects: 0.059000 ms)

========================================================================
Received Prepare
Registering precompiled user dll's ...
Registered in 0.006891 seconds.
Begin MonoManager ReloadAssembly
Native extension for WindowsStandalone target not found
Refreshing native plugins compatible for Editor in 1.17 ms, found 1 plugins.
Preloading 0 native plugins for Editor in 0.00 ms.
Mono: successfully reloaded assembly
- Completed reload, in  3.025 seconds
Platform modules already initialized, skipping
Refreshing native plugins compatible for Editor in 1.15 ms, found 1 plugins.
Preloading 0 native plugins for Editor in 0.00 ms.
Unloading 2682 Unused Serialized files (Serialized files now loaded: 0)
System memory in use before: 99.6 MB.
System memory in use after: 99.9 MB.

Unloading 9 unused Assets to reduce memory usage. Loaded Objects now: 3169.
Total: 7.194000 ms (FindLiveObjects: 0.835600 ms CreateObjectMapping: 0.734500 ms MarkObjects: 5.580500 ms  DeleteObjects: 0.039500 ms)

========================================================================
Received Prepare
Registering precompiled user dll's ...
Registered in 0.006001 seconds.
Begin MonoManager ReloadAssembly
Native extension for WindowsStandalone target not found
Refreshing native plugins compatible for Editor in 1.23 ms, found 1 plugins.
Preloading 0 native plugins for Editor in 0.00 ms.
Mono: successfully reloaded assembly
- Completed reload, in  2.697 seconds
Platform modules already initialized, skipping
Refreshing native plugins compatible for Editor in 1.18 ms, found 1 plugins.
Preloading 0 native plugins for Editor in 0.00 ms.
Unloading 2682 Unused Serialized files (Serialized files now loaded: 0)
System memory in use before: 99.6 MB.
System memory in use after: 99.9 MB.

Unloading 9 unused Assets to reduce memory usage. Loaded Objects now: 3172.
Total: 6.725100 ms (FindLiveObjects: 0.715000 ms CreateObjectMapping: 0.544200 ms MarkObjects: 5.423200 ms  DeleteObjects: 0.039900 ms)

========================================================================
Received Prepare
Registering precompiled user dll's ...
Registered in 0.005801 seconds.
Begin MonoManager ReloadAssembly
Native extension for WindowsStandalone target not found
Refreshing native plugins compatible for Editor in 1.93 ms, found 1 plugins.
Preloading 0 native plugins for Editor in 0.00 ms.
Mono: successfully reloaded assembly
- Completed reload, in  2.852 seconds
Platform modules already initialized, skipping
Refreshing native plugins compatible for Editor in 1.63 ms, found 1 plugins.
Preloading 0 native plugins for Editor in 0.00 ms.
Unloading 2682 Unused Serialized files (Serialized files now loaded: 0)
System memory in use before: 99.6 MB.
System memory in use after: 99.9 MB.

Unloading 9 unused Assets to reduce memory usage. Loaded Objects now: 3175.
Total: 5.368600 ms (FindLiveObjects: 0.509700 ms CreateObjectMapping: 0.359300 ms MarkObjects: 4.456400 ms  DeleteObjects: 0.039300 ms)

========================================================================
Received Prepare
Registering precompiled user dll's ...
Registered in 0.007457 seconds.
Begin MonoManager ReloadAssembly
Native extension for WindowsStandalone target not found
Refreshing native plugins compatible for Editor in 1.35 ms, found 1 plugins.
Preloading 0 native plugins for Editor in 0.00 ms.
Mono: successfully reloaded assembly
- Completed reload, in  3.159 seconds
Platform modules already initialized, skipping
Refreshing native plugins compatible for Editor in 1.90 ms, found 1 plugins.
Preloading 0 native plugins for Editor in 0.00 ms.
Unloading 2682 Unused Serialized files (Serialized files now loaded: 0)
System memory in use before: 99.7 MB.
System memory in use after: 99.9 MB.

Unloading 9 unused Assets to reduce memory usage. Loaded Objects now: 3178.
Total: 5.776900 ms (FindLiveObjects: 0.715000 ms CreateObjectMapping: 0.339200 ms MarkObjects: 4.676800 ms  DeleteObjects: 0.042700 ms)

========================================================================
Received Prepare
Registering precompiled user dll's ...
Registered in 0.006366 seconds.
Begin MonoManager ReloadAssembly
Native extension for WindowsStandalone target not found
Refreshing native plugins compatible for Editor in 1.26 ms, found 1 plugins.
Preloading 0 native plugins for Editor in 0.00 ms.
Mono: successfully reloaded assembly
- Completed reload, in  2.661 seconds
Platform modules already initialized, skipping
Refreshing native plugins compatible for Editor in 1.31 ms, found 1 plugins.
Preloading 0 native plugins for Editor in 0.00 ms.
Unloading 2682 Unused Serialized files (Serialized files now loaded: 0)
System memory in use before: 99.7 MB.
System memory in use after: 99.9 MB.

Unloading 9 unused Assets to reduce memory usage. Loaded Objects now: 3181.
Total: 5.727200 ms (FindLiveObjects: 0.683400 ms CreateObjectMapping: 0.297800 ms MarkObjects: 4.693900 ms  DeleteObjects: 0.048500 ms)

========================================================================
Received Prepare
Registering precompiled user dll's ...
Registered in 0.007498 seconds.
Begin MonoManager ReloadAssembly
Native extension for WindowsStandalone target not found
Refreshing native plugins compatible for Editor in 2.02 ms, found 1 plugins.
Preloading 0 native plugins for Editor in 0.00 ms.
Mono: successfully reloaded assembly
- Completed reload, in  2.802 seconds
Platform modules already initialized, skipping
Refreshing native plugins compatible for Editor in 1.40 ms, found 1 plugins.
Preloading 0 native plugins for Editor in 0.00 ms.
Unloading 2682 Unused Serialized files (Serialized files now loaded: 0)
System memory in use before: 99.7 MB.
System memory in use after: 99.9 MB.

Unloading 9 unused Assets to reduce memory usage. Loaded Objects now: 3184.
Total: 5.592400 ms (FindLiveObjects: 0.501000 ms CreateObjectMapping: 0.214100 ms MarkObjects: 4.835700 ms  DeleteObjects: 0.038300 ms)

========================================================================
Received Prepare
Registering precompiled user dll's ...
Registered in 0.005800 seconds.
Begin MonoManager ReloadAssembly
Native extension for WindowsStandalone target not found
Refreshing native plugins compatible for Editor in 1.19 ms, found 1 plugins.
Preloading 0 native plugins for Editor in 0.00 ms.
Mono: successfully reloaded assembly
- Completed reload, in  2.772 seconds
Platform modules already initialized, skipping
Refreshing native plugins compatible for Editor in 1.25 ms, found 1 plugins.
Preloading 0 native plugins for Editor in 0.00 ms.
Unloading 2682 Unused Serialized files (Serialized files now loaded: 0)
System memory in use before: 99.7 MB.
System memory in use after: 99.9 MB.

Unloading 9 unused Assets to reduce memory usage. Loaded Objects now: 3187.
Total: 6.028600 ms (FindLiveObjects: 0.514400 ms CreateObjectMapping: 0.387900 ms MarkObjects: 5.086300 ms  DeleteObjects: 0.036900 ms)

========================================================================
Received Prepare
Registering precompiled user dll's ...
Registered in 0.005761 seconds.
Begin MonoManager ReloadAssembly
Native extension for WindowsStandalone target not found
Refreshing native plugins compatible for Editor in 1.18 ms, found 1 plugins.
Preloading 0 native plugins for Editor in 0.00 ms.
Mono: successfully reloaded assembly
- Completed reload, in  2.824 seconds
Platform modules already initialized, skipping
Refreshing native plugins compatible for Editor in 1.16 ms, found 1 plugins.
Preloading 0 native plugins for Editor in 0.00 ms.
Unloading 2682 Unused Serialized files (Serialized files now loaded: 0)
System memory in use before: 99.7 MB.
System memory in use after: 99.9 MB.

Unloading 9 unused Assets to reduce memory usage. Loaded Objects now: 3190.
Total: 5.579100 ms (FindLiveObjects: 0.760800 ms CreateObjectMapping: 0.224700 ms MarkObjects: 4.546200 ms  DeleteObjects: 0.043700 ms)

========================================================================
Received Prepare
Registering precompiled user dll's ...
Registered in 0.006268 seconds.
Begin MonoManager ReloadAssembly
Native extension for WindowsStandalone target not found
Refreshing native plugins compatible for Editor in 1.17 ms, found 1 plugins.
Preloading 0 native plugins for Editor in 0.00 ms.
Mono: successfully reloaded assembly
- Completed reload, in  2.961 seconds
Platform modules already initialized, skipping
Refreshing native plugins compatible for Editor in 1.46 ms, found 1 plugins.
Preloading 0 native plugins for Editor in 0.00 ms.
Unloading 2682 Unused Serialized files (Serialized files now loaded: 0)
System memory in use before: 99.7 MB.
System memory in use after: 99.9 MB.

Unloading 9 unused Assets to reduce memory usage. Loaded Objects now: 3193.
Total: 6.718000 ms (FindLiveObjects: 1.226900 ms CreateObjectMapping: 0.736700 ms MarkObjects: 4.706500 ms  DeleteObjects: 0.041800 ms)

========================================================================
Received Prepare
Registering precompiled user dll's ...
Registered in 0.006057 seconds.
Begin MonoManager ReloadAssembly
Native extension for WindowsStandalone target not found
Refreshing native plugins compatible for Editor in 1.76 ms, found 1 plugins.
Preloading 0 native plugins for Editor in 0.00 ms.
Mono: successfully reloaded assembly
- Completed reload, in  3.244 seconds
Platform modules already initialized, skipping
Refreshing native plugins compatible for Editor in 1.52 ms, found 1 plugins.
Preloading 0 native plugins for Editor in 0.00 ms.
Unloading 2682 Unused Serialized files (Serialized files now loaded: 0)
System memory in use before: 99.7 MB.
System memory in use after: 99.9 MB.

Unloading 9 unused Assets to reduce memory usage. Loaded Objects now: 3196.
Total: 7.310800 ms (FindLiveObjects: 0.822000 ms CreateObjectMapping: 0.684200 ms MarkObjects: 5.749600 ms  DeleteObjects: 0.050400 ms)

========================================================================
Received Prepare
Registering precompiled user dll's ...
Registered in 0.006653 seconds.
Begin MonoManager ReloadAssembly
Native extension for WindowsStandalone target not found
Refreshing native plugins compatible for Editor in 1.80 ms, found 1 plugins.
Preloading 0 native plugins for Editor in 0.00 ms.
Mono: successfully reloaded assembly
- Completed reload, in  3.505 seconds
Platform modules already initialized, skipping
Refreshing native plugins compatible for Editor in 1.86 ms, found 1 plugins.
Preloading 0 native plugins for Editor in 0.00 ms.
Unloading 2682 Unused Serialized files (Serialized files now loaded: 0)
System memory in use before: 99.7 MB.
System memory in use after: 99.9 MB.

Unloading 9 unused Assets to reduce memory usage. Loaded Objects now: 3199.
Total: 7.144200 ms (FindLiveObjects: 0.818400 ms CreateObjectMapping: 0.586600 ms MarkObjects: 5.688300 ms  DeleteObjects: 0.041200 ms)

========================================================================
Received Prepare
Registering precompiled user dll's ...
Registered in 0.005748 seconds.
Begin MonoManager ReloadAssembly
Native extension for WindowsStandalone target not found
Refreshing native plugins compatible for Editor in 1.18 ms, found 1 plugins.
Preloading 0 native plugins for Editor in 0.00 ms.
Mono: successfully reloaded assembly
- Completed reload, in  3.038 seconds
Platform modules already initialized, skipping
Refreshing native plugins compatible for Editor in 1.15 ms, found 1 plugins.
Preloading 0 native plugins for Editor in 0.00 ms.
Unloading 2682 Unused Serialized files (Serialized files now loaded: 0)
System memory in use before: 99.7 MB.
System memory in use after: 99.9 MB.

Unloading 9 unused Assets to reduce memory usage. Loaded Objects now: 3202.
Total: 6.864600 ms (FindLiveObjects: 0.910800 ms CreateObjectMapping: 0.626500 ms MarkObjects: 5.219500 ms  DeleteObjects: 0.061500 ms)

========================================================================
Received Prepare
Registering precompiled user dll's ...
Registered in 0.008749 seconds.
Begin MonoManager ReloadAssembly
Native extension for WindowsStandalone target not found
Refreshing native plugins compatible for Editor in 1.21 ms, found 1 plugins.
Preloading 0 native plugins for Editor in 0.00 ms.
Mono: successfully reloaded assembly
- Completed reload, in  2.872 seconds
Platform modules already initialized, skipping
Refreshing native plugins compatible for Editor in 1.19 ms, found 1 plugins.
Preloading 0 native plugins for Editor in 0.00 ms.
Unloading 2682 Unused Serialized files (Serialized files now loaded: 0)
System memory in use before: 99.7 MB.
System memory in use after: 99.9 MB.

Unloading 9 unused Assets to reduce memory usage. Loaded Objects now: 3205.
Total: 6.040100 ms (FindLiveObjects: 0.516800 ms CreateObjectMapping: 0.177600 ms MarkObjects: 5.302800 ms  DeleteObjects: 0.038700 ms)

========================================================================
Received Prepare
Registering precompiled user dll's ...
Registered in 0.007272 seconds.
Begin MonoManager ReloadAssembly
Native extension for WindowsStandalone target not found
Refreshing native plugins compatible for Editor in 1.24 ms, found 1 plugins.
Preloading 0 native plugins for Editor in 0.00 ms.
Mono: successfully reloaded assembly
- Completed reload, in  3.429 seconds
Platform modules already initialized, skipping
Refreshing native plugins compatible for Editor in 1.80 ms, found 1 plugins.
Preloading 0 native plugins for Editor in 0.00 ms.
Unloading 2682 Unused Serialized files (Serialized files now loaded: 0)
System memory in use before: 99.7 MB.
System memory in use after: 99.9 MB.

Unloading 9 unused Assets to reduce memory usage. Loaded Objects now: 3208.
Total: 7.547100 ms (FindLiveObjects: 0.835500 ms CreateObjectMapping: 0.354900 ms MarkObjects: 6.321200 ms  DeleteObjects: 0.032000 ms)

========================================================================
Received Prepare
Registering precompiled user dll's ...
Registered in 0.008402 seconds.
Begin MonoManager ReloadAssembly
Native extension for WindowsStandalone target not found
Refreshing native plugins compatible for Editor in 1.34 ms, found 1 plugins.
Preloading 0 native plugins for Editor in 0.00 ms.
Mono: successfully reloaded assembly
- Completed reload, in  3.682 seconds
Platform modules already initialized, skipping
Refreshing native plugins compatible for Editor in 1.28 ms, found 1 plugins.
Preloading 0 native plugins for Editor in 0.00 ms.
Unloading 2682 Unused Serialized files (Serialized files now loaded: 0)
System memory in use before: 99.7 MB.
System memory in use after: 99.9 MB.

Unloading 9 unused Assets to reduce memory usage. Loaded Objects now: 3211.
Total: 7.355600 ms (FindLiveObjects: 0.978100 ms CreateObjectMapping: 0.363100 ms MarkObjects: 5.957300 ms  DeleteObjects: 0.052200 ms)

========================================================================
Received Prepare
Registering precompiled user dll's ...
Registered in 0.006270 seconds.
Begin MonoManager ReloadAssembly
Native extension for WindowsStandalone target not found
Refreshing native plugins compatible for Editor in 1.48 ms, found 1 plugins.
Preloading 0 native plugins for Editor in 0.00 ms.
Mono: successfully reloaded assembly
- Completed reload, in  3.544 seconds
Platform modules already initialized, skipping
Refreshing native plugins compatible for Editor in 1.80 ms, found 1 plugins.
Preloading 0 native plugins for Editor in 0.00 ms.
Unloading 2682 Unused Serialized files (Serialized files now loaded: 0)
System memory in use before: 99.7 MB.
System memory in use after: 99.9 MB.

Unloading 9 unused Assets to reduce memory usage. Loaded Objects now: 3214.
Total: 7.400100 ms (FindLiveObjects: 0.534500 ms CreateObjectMapping: 0.312100 ms MarkObjects: 6.498600 ms  DeleteObjects: 0.050700 ms)

========================================================================
Received Prepare
Registering precompiled user dll's ...
Registered in 0.006484 seconds.
Begin MonoManager ReloadAssembly
Native extension for WindowsStandalone target not found
Refreshing native plugins compatible for Editor in 1.22 ms, found 1 plugins.
Preloading 0 native plugins for Editor in 0.00 ms.
Mono: successfully reloaded assembly
- Completed reload, in  2.964 seconds
Platform modules already initialized, skipping
Refreshing native plugins compatible for Editor in 2.04 ms, found 1 plugins.
Preloading 0 native plugins for Editor in 0.00 ms.
Unloading 2682 Unused Serialized files (Serialized files now loaded: 0)
System memory in use before: 99.7 MB.
System memory in use after: 99.9 MB.

Unloading 9 unused Assets to reduce memory usage. Loaded Objects now: 3217.
Total: 5.783200 ms (FindLiveObjects: 0.588700 ms CreateObjectMapping: 0.279100 ms MarkObjects: 4.875100 ms  DeleteObjects: 0.037200 ms)

========================================================================
Received Prepare
Registering precompiled user dll's ...
Registered in 0.005724 seconds.
Begin MonoManager ReloadAssembly
Native extension for WindowsStandalone target not found
Refreshing native plugins compatible for Editor in 1.19 ms, found 1 plugins.
Preloading 0 native plugins for Editor in 0.00 ms.
Mono: successfully reloaded assembly
- Completed reload, in  2.786 seconds
Platform modules already initialized, skipping
Refreshing native plugins compatible for Editor in 1.64 ms, found 1 plugins.
Preloading 0 native plugins for Editor in 0.00 ms.
Unloading 2682 Unused Serialized files (Serialized files now loaded: 0)
System memory in use before: 99.7 MB.
System memory in use after: 100.0 MB.

Unloading 9 unused Assets to reduce memory usage. Loaded Objects now: 3220.
Total: 5.516800 ms (FindLiveObjects: 0.634400 ms CreateObjectMapping: 0.415600 ms MarkObjects: 4.430100 ms  DeleteObjects: 0.034300 ms)

========================================================================
Received Prepare
Registering precompiled user dll's ...
Registered in 0.008464 seconds.
Begin MonoManager ReloadAssembly
Native extension for WindowsStandalone target not found
Refreshing native plugins compatible for Editor in 1.23 ms, found 1 plugins.
Preloading 0 native plugins for Editor in 0.00 ms.
Mono: successfully reloaded assembly
- Completed reload, in  3.443 seconds
Platform modules already initialized, skipping
Refreshing native plugins compatible for Editor in 1.93 ms, found 1 plugins.
Preloading 0 native plugins for Editor in 0.00 ms.
Unloading 2682 Unused Serialized files (Serialized files now loaded: 0)
System memory in use before: 99.7 MB.
System memory in use after: 100.0 MB.

Unloading 9 unused Assets to reduce memory usage. Loaded Objects now: 3223.
Total: 6.131300 ms (FindLiveObjects: 0.577800 ms CreateObjectMapping: 0.250800 ms MarkObjects: 5.254700 ms  DeleteObjects: 0.045200 ms)

========================================================================
Received Prepare
Registering precompiled user dll's ...
Registered in 0.006744 seconds.
Begin MonoManager ReloadAssembly
Native extension for WindowsStandalone target not found
Refreshing native plugins compatible for Editor in 1.65 ms, found 1 plugins.
Preloading 0 native plugins for Editor in 0.00 ms.
Mono: successfully reloaded assembly
- Completed reload, in  2.712 seconds
Platform modules already initialized, skipping
Refreshing native plugins compatible for Editor in 1.84 ms, found 1 plugins.
Preloading 0 native plugins for Editor in 0.00 ms.
Unloading 2682 Unused Serialized files (Serialized files now loaded: 0)
System memory in use before: 99.7 MB.
System memory in use after: 100.0 MB.

Unloading 9 unused Assets to reduce memory usage. Loaded Objects now: 3226.
Total: 5.813200 ms (FindLiveObjects: 0.853900 ms CreateObjectMapping: 0.282800 ms MarkObjects: 4.633400 ms  DeleteObjects: 0.039700 ms)

========================================================================
Received Prepare
Registering precompiled user dll's ...
Registered in 0.006105 seconds.
Begin MonoManager ReloadAssembly
Native extension for WindowsStandalone target not found
Refreshing native plugins compatible for Editor in 1.70 ms, found 1 plugins.
Preloading 0 native plugins for Editor in 0.00 ms.
Mono: successfully reloaded assembly
- Completed reload, in  3.050 seconds
Platform modules already initialized, skipping
Refreshing native plugins compatible for Editor in 1.18 ms, found 1 plugins.
Preloading 0 native plugins for Editor in 0.00 ms.
Unloading 2682 Unused Serialized files (Serialized files now loaded: 0)
System memory in use before: 99.7 MB.
System memory in use after: 100.0 MB.

Unloading 9 unused Assets to reduce memory usage. Loaded Objects now: 3229.
Total: 6.162800 ms (FindLiveObjects: 0.560000 ms CreateObjectMapping: 0.279600 ms MarkObjects: 5.276600 ms  DeleteObjects: 0.044000 ms)

========================================================================
Received Prepare
Registering precompiled user dll's ...
Registered in 0.006511 seconds.
Begin MonoManager ReloadAssembly
Native extension for WindowsStandalone target not found
Refreshing native plugins compatible for Editor in 1.21 ms, found 1 plugins.
Preloading 0 native plugins for Editor in 0.00 ms.
Mono: successfully reloaded assembly
- Completed reload, in  2.829 seconds
Platform modules already initialized, skipping
Refreshing native plugins compatible for Editor in 1.31 ms, found 1 plugins.
Preloading 0 native plugins for Editor in 0.00 ms.
Unloading 2682 Unused Serialized files (Serialized files now loaded: 0)
System memory in use before: 99.7 MB.
System memory in use after: 100.0 MB.

Unloading 9 unused Assets to reduce memory usage. Loaded Objects now: 3232.
Total: 8.655900 ms (FindLiveObjects: 1.564200 ms CreateObjectMapping: 0.941000 ms MarkObjects: 6.108200 ms  DeleteObjects: 0.038600 ms)

========================================================================
Received Prepare
Registering precompiled user dll's ...
Registered in 0.007596 seconds.
Begin MonoManager ReloadAssembly
Native extension for WindowsStandalone target not found
Refreshing native plugins compatible for Editor in 1.25 ms, found 1 plugins.
Preloading 0 native plugins for Editor in 0.00 ms.
Mono: successfully reloaded assembly
- Completed reload, in  3.395 seconds
Platform modules already initialized, skipping
Refreshing native plugins compatible for Editor in 1.52 ms, found 1 plugins.
Preloading 0 native plugins for Editor in 0.00 ms.
Unloading 2682 Unused Serialized files (Serialized files now loaded: 0)
System memory in use before: 99.8 MB.
System memory in use after: 100.0 MB.

Unloading 9 unused Assets to reduce memory usage. Loaded Objects now: 3235.
Total: 6.223300 ms (FindLiveObjects: 0.496200 ms CreateObjectMapping: 0.236800 ms MarkObjects: 5.452400 ms  DeleteObjects: 0.035500 ms)

========================================================================
Received Prepare
Registering precompiled user dll's ...
Registered in 0.005692 seconds.
Begin MonoManager ReloadAssembly
Native extension for WindowsStandalone target not found
Refreshing native plugins compatible for Editor in 1.71 ms, found 1 plugins.
Preloading 0 native plugins for Editor in 0.00 ms.
Mono: successfully reloaded assembly
- Completed reload, in  3.317 seconds
Platform modules already initialized, skipping
Refreshing native plugins compatible for Editor in 1.35 ms, found 1 plugins.
Preloading 0 native plugins for Editor in 0.00 ms.
Unloading 2682 Unused Serialized files (Serialized files now loaded: 0)
System memory in use before: 99.8 MB.
System memory in use after: 100.0 MB.

Unloading 9 unused Assets to reduce memory usage. Loaded Objects now: 3238.
Total: 7.081500 ms (FindLiveObjects: 0.781900 ms CreateObjectMapping: 0.546800 ms MarkObjects: 5.706200 ms  DeleteObjects: 0.043400 ms)

========================================================================
Received Prepare
Registering precompiled user dll's ...
Registered in 0.010291 seconds.
Begin MonoManager ReloadAssembly
Native extension for WindowsStandalone target not found
Refreshing native plugins compatible for Editor in 2.28 ms, found 1 plugins.
Preloading 0 native plugins for Editor in 0.00 ms.
Mono: successfully reloaded assembly
- Completed reload, in  3.807 seconds
Platform modules already initialized, skipping
Refreshing native plugins compatible for Editor in 2.10 ms, found 1 plugins.
Preloading 0 native plugins for Editor in 0.00 ms.
Unloading 2682 Unused Serialized files (Serialized files now loaded: 0)
System memory in use before: 99.8 MB.
System memory in use after: 100.0 MB.

Unloading 9 unused Assets to reduce memory usage. Loaded Objects now: 3241.
Total: 8.175100 ms (FindLiveObjects: 0.505500 ms CreateObjectMapping: 0.439700 ms MarkObjects: 7.184800 ms  DeleteObjects: 0.041900 ms)

========================================================================
Received Prepare
Registering precompiled user dll's ...
Registered in 0.006472 seconds.
Begin MonoManager ReloadAssembly
Native extension for WindowsStandalone target not found
Refreshing native plugins compatible for Editor in 1.91 ms, found 1 plugins.
Preloading 0 native plugins for Editor in 0.00 ms.
Mono: successfully reloaded assembly
- Completed reload, in  2.927 seconds
Platform modules already initialized, skipping
Refreshing native plugins compatible for Editor in 1.90 ms, found 1 plugins.
Preloading 0 native plugins for Editor in 0.00 ms.
Unloading 2682 Unused Serialized files (Serialized files now loaded: 0)
System memory in use before: 99.8 MB.
System memory in use after: 100.0 MB.

Unloading 9 unused Assets to reduce memory usage. Loaded Objects now: 3244.
Total: 5.544200 ms (FindLiveObjects: 0.586900 ms CreateObjectMapping: 0.226400 ms MarkObjects: 4.687400 ms  DeleteObjects: 0.040000 ms)

========================================================================
Received Prepare
Registering precompiled user dll's ...
Registered in 0.008366 seconds.
Begin MonoManager ReloadAssembly
Native extension for WindowsStandalone target not found
Refreshing native plugins compatible for Editor in 1.23 ms, found 1 plugins.
Preloading 0 native plugins for Editor in 0.00 ms.
Mono: successfully reloaded assembly
- Completed reload, in  2.828 seconds
Platform modules already initialized, skipping
Refreshing native plugins compatible for Editor in 1.21 ms, found 1 plugins.
Preloading 0 native plugins for Editor in 0.00 ms.
Unloading 2682 Unused Serialized files (Serialized files now loaded: 0)
System memory in use before: 99.8 MB.
System memory in use after: 100.0 MB.

Unloading 9 unused Assets to reduce memory usage. Loaded Objects now: 3247.
Total: 5.266100 ms (FindLiveObjects: 0.515600 ms CreateObjectMapping: 0.178000 ms MarkObjects: 4.532700 ms  DeleteObjects: 0.036200 ms)

========================================================================
Received Prepare
Registering precompiled user dll's ...
Registered in 0.005670 seconds.
Begin MonoManager ReloadAssembly
Native extension for WindowsStandalone target not found
Refreshing native plugins compatible for Editor in 1.88 ms, found 1 plugins.
Preloading 0 native plugins for Editor in 0.00 ms.
Mono: successfully reloaded assembly
- Completed reload, in  3.240 seconds
Platform modules already initialized, skipping
Refreshing native plugins compatible for Editor in 1.50 ms, found 1 plugins.
Preloading 0 native plugins for Editor in 0.00 ms.
Unloading 2682 Unused Serialized files (Serialized files now loaded: 0)
System memory in use before: 99.8 MB.
System memory in use after: 100.0 MB.

Unloading 9 unused Assets to reduce memory usage. Loaded Objects now: 3250.
Total: 7.128100 ms (FindLiveObjects: 0.798300 ms CreateObjectMapping: 0.285700 ms MarkObjects: 5.999100 ms  DeleteObjects: 0.041800 ms)

========================================================================
Received Prepare
Registering precompiled user dll's ...
Registered in 0.005871 seconds.
Begin MonoManager ReloadAssembly
Native extension for WindowsStandalone target not found
Refreshing native plugins compatible for Editor in 1.19 ms, found 1 plugins.
Preloading 0 native plugins for Editor in 0.00 ms.
Mono: successfully reloaded assembly
- Completed reload, in  2.883 seconds
Platform modules already initialized, skipping
Refreshing native plugins compatible for Editor in 1.18 ms, found 1 plugins.
Preloading 0 native plugins for Editor in 0.00 ms.
Unloading 2682 Unused Serialized files (Serialized files now loaded: 0)
System memory in use before: 99.8 MB.
System memory in use after: 100.0 MB.

Unloading 9 unused Assets to reduce memory usage. Loaded Objects now: 3253.
Total: 5.697200 ms (FindLiveObjects: 0.544400 ms CreateObjectMapping: 0.252400 ms MarkObjects: 4.858800 ms  DeleteObjects: 0.038900 ms)

========================================================================
Received Prepare
Registering precompiled user dll's ...
Registered in 0.007260 seconds.
Begin MonoManager ReloadAssembly
Native extension for WindowsStandalone target not found
Refreshing native plugins compatible for Editor in 1.30 ms, found 1 plugins.
Preloading 0 native plugins for Editor in 0.00 ms.
Mono: successfully reloaded assembly
- Completed reload, in  2.816 seconds
Platform modules already initialized, skipping
Refreshing native plugins compatible for Editor in 1.90 ms, found 1 plugins.
Preloading 0 native plugins for Editor in 0.00 ms.
Unloading 2682 Unused Serialized files (Serialized files now loaded: 0)
System memory in use before: 99.8 MB.
System memory in use after: 100.0 MB.

Unloading 9 unused Assets to reduce memory usage. Loaded Objects now: 3256.
Total: 5.825100 ms (FindLiveObjects: 0.677400 ms CreateObjectMapping: 0.289400 ms MarkObjects: 4.811800 ms  DeleteObjects: 0.042600 ms)

========================================================================
Received Prepare
Registering precompiled user dll's ...
Registered in 0.006023 seconds.
Begin MonoManager ReloadAssembly
Native extension for WindowsStandalone target not found
Refreshing native plugins compatible for Editor in 1.21 ms, found 1 plugins.
Preloading 0 native plugins for Editor in 0.00 ms.
Mono: successfully reloaded assembly
- Completed reload, in  2.797 seconds
Platform modules already initialized, skipping
Refreshing native plugins compatible for Editor in 1.19 ms, found 1 plugins.
Preloading 0 native plugins for Editor in 0.00 ms.
Unloading 2682 Unused Serialized files (Serialized files now loaded: 0)
System memory in use before: 99.8 MB.
System memory in use after: 100.0 MB.

Unloading 9 unused Assets to reduce memory usage. Loaded Objects now: 3259.
Total: 5.434300 ms (FindLiveObjects: 0.542300 ms CreateObjectMapping: 0.208600 ms MarkObjects: 4.643800 ms  DeleteObjects: 0.037000 ms)

========================================================================
Received Prepare
Registering precompiled user dll's ...
Registered in 0.005986 seconds.
Begin MonoManager ReloadAssembly
Native extension for WindowsStandalone target not found
Refreshing native plugins compatible for Editor in 1.22 ms, found 1 plugins.
Preloading 0 native plugins for Editor in 0.00 ms.
Mono: successfully reloaded assembly
- Completed reload, in  2.923 seconds
Platform modules already initialized, skipping
Refreshing native plugins compatible for Editor in 1.17 ms, found 1 plugins.
Preloading 0 native plugins for Editor in 0.00 ms.
Unloading 2682 Unused Serialized files (Serialized files now loaded: 0)
System memory in use before: 99.8 MB.
System memory in use after: 100.0 MB.

Unloading 9 unused Assets to reduce memory usage. Loaded Objects now: 3262.
Total: 5.287800 ms (FindLiveObjects: 0.562100 ms CreateObjectMapping: 0.216300 ms MarkObjects: 4.455600 ms  DeleteObjects: 0.051300 ms)

========================================================================
Received Prepare
Registering precompiled user dll's ...
Registered in 0.005340 seconds.
Begin MonoManager ReloadAssembly
Native extension for WindowsStandalone target not found
Refreshing native plugins compatible for Editor in 1.04 ms, found 1 plugins.
Preloading 0 native plugins for Editor in 0.00 ms.
Mono: successfully reloaded assembly
- Completed reload, in  1.957 seconds
Platform modules already initialized, skipping
Refreshing native plugins compatible for Editor in 1.02 ms, found 1 plugins.
Preloading 0 native plugins for Editor in 0.00 ms.
Unloading 2682 Unused Serialized files (Serialized files now loaded: 0)
System memory in use before: 99.8 MB.
System memory in use after: 100.0 MB.

Unloading 9 unused Assets to reduce memory usage. Loaded Objects now: 3265.
Total: 3.371300 ms (FindLiveObjects: 0.544800 ms CreateObjectMapping: 0.094100 ms MarkObjects: 2.707500 ms  DeleteObjects: 0.021900 ms)

========================================================================
Received Prepare
Registering precompiled user dll's ...
Registered in 0.005788 seconds.
Begin MonoManager ReloadAssembly
Native extension for WindowsStandalone target not found
Refreshing native plugins compatible for Editor in 0.70 ms, found 1 plugins.
Preloading 0 native plugins for Editor in 0.00 ms.
Mono: successfully reloaded assembly
- Completed reload, in  1.898 seconds
Platform modules already initialized, skipping
Refreshing native plugins compatible for Editor in 0.89 ms, found 1 plugins.
Preloading 0 native plugins for Editor in 0.00 ms.
Unloading 2682 Unused Serialized files (Serialized files now loaded: 0)
System memory in use before: 99.8 MB.
System memory in use after: 100.0 MB.

Unloading 9 unused Assets to reduce memory usage. Loaded Objects now: 3268.
Total: 3.497700 ms (FindLiveObjects: 0.399700 ms CreateObjectMapping: 0.162700 ms MarkObjects: 2.896700 ms  DeleteObjects: 0.036000 ms)

========================================================================
Received Prepare
Registering precompiled user dll's ...
Registered in 0.003591 seconds.
Begin MonoManager ReloadAssembly
Native extension for WindowsStandalone target not found
Refreshing native plugins compatible for Editor in 1.43 ms, found 1 plugins.
Preloading 0 native plugins for Editor in 0.00 ms.
Mono: successfully reloaded assembly
- Completed reload, in  1.779 seconds
Platform modules already initialized, skipping
Refreshing native plugins compatible for Editor in 1.08 ms, found 1 plugins.
Preloading 0 native plugins for Editor in 0.00 ms.
Unloading 2682 Unused Serialized files (Serialized files now loaded: 0)
System memory in use before: 99.8 MB.
System memory in use after: 100.0 MB.

Unloading 9 unused Assets to reduce memory usage. Loaded Objects now: 3271.
Total: 3.993100 ms (FindLiveObjects: 0.448900 ms CreateObjectMapping: 0.170700 ms MarkObjects: 3.345500 ms  DeleteObjects: 0.025800 ms)

========================================================================
Received Prepare
Registering precompiled user dll's ...
Registered in 0.003118 seconds.
Begin MonoManager ReloadAssembly
Native extension for WindowsStandalone target not found
Refreshing native plugins compatible for Editor in 1.15 ms, found 1 plugins.
Preloading 0 native plugins for Editor in 0.00 ms.
Mono: successfully reloaded assembly
- Completed reload, in  1.763 seconds
Platform modules already initialized, skipping
Refreshing native plugins compatible for Editor in 1.08 ms, found 1 plugins.
Preloading 0 native plugins for Editor in 0.00 ms.
Unloading 2682 Unused Serialized files (Serialized files now loaded: 0)
System memory in use before: 99.8 MB.
System memory in use after: 100.0 MB.

Unloading 9 unused Assets to reduce memory usage. Loaded Objects now: 3274.
Total: 4.694700 ms (FindLiveObjects: 0.430400 ms CreateObjectMapping: 0.236900 ms MarkObjects: 4.000000 ms  DeleteObjects: 0.025000 ms)

========================================================================
Received Prepare
Registering precompiled user dll's ...
Registered in 0.006385 seconds.
Begin MonoManager ReloadAssembly
Native extension for WindowsStandalone target not found
Refreshing native plugins compatible for Editor in 1.33 ms, found 1 plugins.
Preloading 0 native plugins for Editor in 0.00 ms.
Mono: successfully reloaded assembly
- Completed reload, in  1.941 seconds
Platform modules already initialized, skipping
Refreshing native plugins compatible for Editor in 1.07 ms, found 1 plugins.
Preloading 0 native plugins for Editor in 0.00 ms.
Unloading 2682 Unused Serialized files (Serialized files now loaded: 0)
System memory in use before: 99.8 MB.
System memory in use after: 100.0 MB.

Unloading 9 unused Assets to reduce memory usage. Loaded Objects now: 3277.
Total: 4.646700 ms (FindLiveObjects: 0.546500 ms CreateObjectMapping: 0.175700 ms MarkObjects: 3.890100 ms  DeleteObjects: 0.031800 ms)

========================================================================
Received Prepare
Registering precompiled user dll's ...
Registered in 0.002701 seconds.
Begin MonoManager ReloadAssembly
Native extension for WindowsStandalone target not found
Refreshing native plugins compatible for Editor in 1.04 ms, found 1 plugins.
Preloading 0 native plugins for Editor in 0.00 ms.
Mono: successfully reloaded assembly
- Completed reload, in  1.624 seconds
Platform modules already initialized, skipping
Refreshing native plugins compatible for Editor in 0.65 ms, found 1 plugins.
Preloading 0 native plugins for Editor in 0.00 ms.
Unloading 2682 Unused Serialized files (Serialized files now loaded: 0)
System memory in use before: 99.8 MB.
System memory in use after: 100.0 MB.

Unloading 9 unused Assets to reduce memory usage. Loaded Objects now: 3280.
Total: 2.877400 ms (FindLiveObjects: 0.308600 ms CreateObjectMapping: 0.113500 ms MarkObjects: 2.432000 ms  DeleteObjects: 0.021500 ms)

========================================================================
Received Prepare
Registering precompiled user dll's ...
Registered in 0.003125 seconds.
Begin MonoManager ReloadAssembly
Native extension for WindowsStandalone target not found
Refreshing native plugins compatible for Editor in 1.26 ms, found 1 plugins.
Preloading 0 native plugins for Editor in 0.00 ms.
Mono: successfully reloaded assembly
- Completed reload, in  1.765 seconds
Platform modules already initialized, skipping
Refreshing native plugins compatible for Editor in 0.68 ms, found 1 plugins.
Preloading 0 native plugins for Editor in 0.00 ms.
Unloading 2682 Unused Serialized files (Serialized files now loaded: 0)
System memory in use before: 99.8 MB.
System memory in use after: 100.1 MB.

Unloading 9 unused Assets to reduce memory usage. Loaded Objects now: 3283.
Total: 5.229600 ms (FindLiveObjects: 0.315900 ms CreateObjectMapping: 0.130900 ms MarkObjects: 4.745900 ms  DeleteObjects: 0.034900 ms)

========================================================================
Received Prepare
Registering precompiled user dll's ...
Registered in 0.003775 seconds.
Begin MonoManager ReloadAssembly
Native extension for WindowsStandalone target not found
Refreshing native plugins compatible for Editor in 1.21 ms, found 1 plugins.
Preloading 0 native plugins for Editor in 0.00 ms.
Mono: successfully reloaded assembly
- Completed reload, in  1.994 seconds
Platform modules already initialized, skipping
Refreshing native plugins compatible for Editor in 0.97 ms, found 1 plugins.
Preloading 0 native plugins for Editor in 0.00 ms.
Unloading 2682 Unused Serialized files (Serialized files now loaded: 0)
System memory in use before: 99.8 MB.
System memory in use after: 100.1 MB.

Unloading 9 unused Assets to reduce memory usage. Loaded Objects now: 3286.
Total: 3.532300 ms (FindLiveObjects: 0.585000 ms CreateObjectMapping: 0.209700 ms MarkObjects: 2.704300 ms  DeleteObjects: 0.030000 ms)

========================================================================
Received Prepare
Registering precompiled user dll's ...
Registered in 0.003537 seconds.
Begin MonoManager ReloadAssembly
Native extension for WindowsStandalone target not found
Refreshing native plugins compatible for Editor in 0.68 ms, found 1 plugins.
Preloading 0 native plugins for Editor in 0.00 ms.
Mono: successfully reloaded assembly
- Completed reload, in  1.557 seconds
Platform modules already initialized, skipping
Refreshing native plugins compatible for Editor in 1.01 ms, found 1 plugins.
Preloading 0 native plugins for Editor in 0.00 ms.
Unloading 2682 Unused Serialized files (Serialized files now loaded: 0)
System memory in use before: 99.8 MB.
System memory in use after: 100.1 MB.

Unloading 9 unused Assets to reduce memory usage. Loaded Objects now: 3289.
Total: 5.575200 ms (FindLiveObjects: 0.443500 ms CreateObjectMapping: 0.093300 ms MarkObjects: 4.985700 ms  DeleteObjects: 0.048700 ms)

========================================================================
Received Prepare
Registering precompiled user dll's ...
Registered in 0.007423 seconds.
Begin MonoManager ReloadAssembly
Native extension for WindowsStandalone target not found
Refreshing native plugins compatible for Editor in 1.90 ms, found 1 plugins.
Preloading 0 native plugins for Editor in 0.00 ms.
Mono: successfully reloaded assembly
- Completed reload, in  3.397 seconds
Platform modules already initialized, skipping
Refreshing native plugins compatible for Editor in 1.17 ms, found 1 plugins.
Preloading 0 native plugins for Editor in 0.00 ms.
Unloading 2682 Unused Serialized files (Serialized files now loaded: 0)
System memory in use before: 99.8 MB.
System memory in use after: 100.1 MB.

Unloading 9 unused Assets to reduce memory usage. Loaded Objects now: 3292.
Total: 5.431200 ms (FindLiveObjects: 0.534300 ms CreateObjectMapping: 0.238100 ms MarkObjects: 4.615400 ms  DeleteObjects: 0.040300 ms)

========================================================================
Received Prepare
Registering precompiled user dll's ...
Registered in 0.011822 seconds.
Begin MonoManager ReloadAssembly
Native extension for WindowsStandalone target not found
Refreshing native plugins compatible for Editor in 1.21 ms, found 1 plugins.
Preloading 0 native plugins for Editor in 0.00 ms.
Mono: successfully reloaded assembly
- Completed reload, in  3.593 seconds
Platform modules already initialized, skipping
Refreshing native plugins compatible for Editor in 2.37 ms, found 1 plugins.
Preloading 0 native plugins for Editor in 0.00 ms.
Unloading 2682 Unused Serialized files (Serialized files now loaded: 0)
System memory in use before: 99.9 MB.
System memory in use after: 100.1 MB.

Unloading 9 unused Assets to reduce memory usage. Loaded Objects now: 3295.
Total: 5.820100 ms (FindLiveObjects: 0.595500 ms CreateObjectMapping: 0.219500 ms MarkObjects: 4.960800 ms  DeleteObjects: 0.041400 ms)

========================================================================
Received Import Request.
  Time since last request: 9077.733642 seconds.
  path: Assets/Scenes/MainMenu.unity
  artifactKey: Guid(b09f77c02fe170345827061bded6d108) Importer(815301076,1909f56bfc062723c751e8b465ee728b)
Start importing Assets/Scenes/MainMenu.unity using Guid(b09f77c02fe170345827061bded6d108) Importer(815301076,1909f56bfc062723c751e8b465ee728b)  -> (artifact id: '44a679d8f896aa4efe8f5cc27abb9123') in 0.053651 seconds 
========================================================================
Received Import Request.
  Time since last request: 116.070658 seconds.
  path: Assets/Scenes/LevelScene.unity
  artifactKey: Guid(9fc0d4010bbf28b4594072e72b8655ab) Importer(815301076,1909f56bfc062723c751e8b465ee728b)
Start importing Assets/Scenes/LevelScene.unity using Guid(9fc0d4010bbf28b4594072e72b8655ab) Importer(815301076,1909f56bfc062723c751e8b465ee728b)  -> (artifact id: '58361e2d80e9460f180c85b8080cfffa') in 0.034241 seconds 
========================================================================
Received Prepare
Registering precompiled user dll's ...
Registered in 0.008605 seconds.
Begin MonoManager ReloadAssembly
Native extension for WindowsStandalone target not found
Refreshing native plugins compatible for Editor in 2.09 ms, found 1 plugins.
Preloading 0 native plugins for Editor in 0.00 ms.
Mono: successfully reloaded assembly
- Completed reload, in  5.990 seconds
Platform modules already initialized, skipping
Refreshing native plugins compatible for Editor in 2.25 ms, found 1 plugins.
Preloading 0 native plugins for Editor in 0.00 ms.
Unloading 2682 Unused Serialized files (Serialized files now loaded: 0)
System memory in use before: 99.9 MB.
System memory in use after: 100.1 MB.

Unloading 9 unused Assets to reduce memory usage. Loaded Objects now: 3298.
Total: 8.806100 ms (FindLiveObjects: 1.243600 ms CreateObjectMapping: 0.628300 ms MarkObjects: 6.890900 ms  DeleteObjects: 0.039200 ms)

========================================================================
Received Prepare
Registering precompiled user dll's ...
Registered in 0.011240 seconds.
Begin MonoManager ReloadAssembly
Native extension for WindowsStandalone target not found
Refreshing native plugins compatible for Editor in 1.18 ms, found 1 plugins.
Preloading 0 native plugins for Editor in 0.00 ms.
Mono: successfully reloaded assembly
- Completed reload, in  3.784 seconds
Platform modules already initialized, skipping
Refreshing native plugins compatible for Editor in 1.50 ms, found 1 plugins.
Preloading 0 native plugins for Editor in 0.00 ms.
Unloading 2682 Unused Serialized files (Serialized files now loaded: 0)
System memory in use before: 99.9 MB.
System memory in use after: 100.1 MB.

Unloading 9 unused Assets to reduce memory usage. Loaded Objects now: 3301.
Total: 8.921100 ms (FindLiveObjects: 0.918600 ms CreateObjectMapping: 0.755700 ms MarkObjects: 7.203600 ms  DeleteObjects: 0.038900 ms)

========================================================================
Received Prepare
Registering precompiled user dll's ...
Registered in 0.013908 seconds.
Begin MonoManager ReloadAssembly
Native extension for WindowsStandalone target not found
Refreshing native plugins compatible for Editor in 1.60 ms, found 1 plugins.
Preloading 0 native plugins for Editor in 0.00 ms.
Mono: successfully reloaded assembly
- Completed reload, in  4.080 seconds
Platform modules already initialized, skipping
Refreshing native plugins compatible for Editor in 1.21 ms, found 1 plugins.
Preloading 0 native plugins for Editor in 0.00 ms.
Unloading 2682 Unused Serialized files (Serialized files now loaded: 0)
System memory in use before: 99.9 MB.
System memory in use after: 100.1 MB.

Unloading 9 unused Assets to reduce memory usage. Loaded Objects now: 3304.
Total: 7.853100 ms (FindLiveObjects: 0.511300 ms CreateObjectMapping: 0.238600 ms MarkObjects: 7.048500 ms  DeleteObjects: 0.050500 ms)

========================================================================
Received Prepare
Registering precompiled user dll's ...
Registered in 0.008861 seconds.
Begin MonoManager ReloadAssembly
Native extension for WindowsStandalone target not found
Refreshing native plugins compatible for Editor in 1.29 ms, found 1 plugins.
Preloading 0 native plugins for Editor in 0.00 ms.
Mono: successfully reloaded assembly
- Completed reload, in  3.730 seconds
Platform modules already initialized, skipping
Refreshing native plugins compatible for Editor in 1.68 ms, found 1 plugins.
Preloading 0 native plugins for Editor in 0.00 ms.
Unloading 2682 Unused Serialized files (Serialized files now loaded: 0)
System memory in use before: 99.9 MB.
System memory in use after: 100.1 MB.

Unloading 9 unused Assets to reduce memory usage. Loaded Objects now: 3307.
Total: 8.416600 ms (FindLiveObjects: 0.788000 ms CreateObjectMapping: 0.514000 ms MarkObjects: 7.061100 ms  DeleteObjects: 0.048800 ms)

========================================================================
Received Import Request.
  Time since last request: 1499.908778 seconds.
  path: Assets/Scenes/MainMenu.unity
  artifactKey: Guid(b09f77c02fe170345827061bded6d108) Importer(815301076,1909f56bfc062723c751e8b465ee728b)
Start importing Assets/Scenes/MainMenu.unity using Guid(b09f77c02fe170345827061bded6d108) Importer(815301076,1909f56bfc062723c751e8b465ee728b)  -> (artifact id: '6aadbaefbdc4b37bc1286af400421b47') in 0.032396 seconds 
========================================================================
Received Import Request.
  Time since last request: 1.040046 seconds.
  path: Assets/Scenes/LevelScene.unity
  artifactKey: Guid(9fc0d4010bbf28b4594072e72b8655ab) Importer(815301076,1909f56bfc062723c751e8b465ee728b)
Start importing Assets/Scenes/LevelScene.unity using Guid(9fc0d4010bbf28b4594072e72b8655ab) Importer(815301076,1909f56bfc062723c751e8b465ee728b)  -> (artifact id: '8da56ee99cf98f744d45bdf29b22bb93') in 0.013420 seconds 
========================================================================
Received Prepare
Registering precompiled user dll's ...
Registered in 0.009177 seconds.
Begin MonoManager ReloadAssembly
Native extension for WindowsStandalone target not found
Refreshing native plugins compatible for Editor in 1.20 ms, found 1 plugins.
Preloading 0 native plugins for Editor in 0.00 ms.
Mono: successfully reloaded assembly
- Completed reload, in  2.919 seconds
Platform modules already initialized, skipping
Refreshing native plugins compatible for Editor in 1.63 ms, found 1 plugins.
Preloading 0 native plugins for Editor in 0.00 ms.
Unloading 2682 Unused Serialized files (Serialized files now loaded: 0)
System memory in use before: 100.0 MB.
System memory in use after: 100.2 MB.

Unloading 9 unused Assets to reduce memory usage. Loaded Objects now: 3310.
Total: 9.195400 ms (FindLiveObjects: 0.990200 ms CreateObjectMapping: 0.616900 ms MarkObjects: 7.535400 ms  DeleteObjects: 0.049100 ms)

========================================================================
Received Prepare
Registering precompiled user dll's ...
Registered in 0.008099 seconds.
Begin MonoManager ReloadAssembly
Native extension for WindowsStandalone target not found
Refreshing native plugins compatible for Editor in 1.98 ms, found 1 plugins.
Preloading 0 native plugins for Editor in 0.00 ms.
Mono: successfully reloaded assembly
- Completed reload, in  3.769 seconds
Platform modules already initialized, skipping
Refreshing native plugins compatible for Editor in 1.47 ms, found 1 plugins.
Preloading 0 native plugins for Editor in 0.00 ms.
Unloading 2682 Unused Serialized files (Serialized files now loaded: 0)
System memory in use before: 100.0 MB.
System memory in use after: 100.2 MB.

Unloading 9 unused Assets to reduce memory usage. Loaded Objects now: 3313.
Total: 8.711500 ms (FindLiveObjects: 0.640800 ms CreateObjectMapping: 0.557700 ms MarkObjects: 7.468400 ms  DeleteObjects: 0.041500 ms)

========================================================================
Received Prepare
Registering precompiled user dll's ...
Registered in 0.008400 seconds.
Begin MonoManager ReloadAssembly
Native extension for WindowsStandalone target not found
Refreshing native plugins compatible for Editor in 1.87 ms, found 1 plugins.
Preloading 0 native plugins for Editor in 0.00 ms.
Mono: successfully reloaded assembly
- Completed reload, in  3.100 seconds
Platform modules already initialized, skipping
Refreshing native plugins compatible for Editor in 1.17 ms, found 1 plugins.
Preloading 0 native plugins for Editor in 0.00 ms.
Unloading 2682 Unused Serialized files (Serialized files now loaded: 0)
System memory in use before: 100.0 MB.
System memory in use after: 100.2 MB.

Unloading 9 unused Assets to reduce memory usage. Loaded Objects now: 3316.
Total: 6.006800 ms (FindLiveObjects: 0.777100 ms CreateObjectMapping: 0.390800 ms MarkObjects: 4.796200 ms  DeleteObjects: 0.039900 ms)

========================================================================
Received Prepare
Registering precompiled user dll's ...
Registered in 0.007377 seconds.
Begin MonoManager ReloadAssembly
Native extension for WindowsStandalone target not found
Refreshing native plugins compatible for Editor in 1.89 ms, found 1 plugins.
Preloading 0 native plugins for Editor in 0.00 ms.
Mono: successfully reloaded assembly
- Completed reload, in  3.539 seconds
Platform modules already initialized, skipping
Refreshing native plugins compatible for Editor in 1.59 ms, found 1 plugins.
Preloading 0 native plugins for Editor in 0.00 ms.
Unloading 2682 Unused Serialized files (Serialized files now loaded: 0)
System memory in use before: 100.0 MB.
System memory in use after: 100.2 MB.

Unloading 9 unused Assets to reduce memory usage. Loaded Objects now: 3319.
Total: 8.077000 ms (FindLiveObjects: 0.702400 ms CreateObjectMapping: 0.643600 ms MarkObjects: 6.685600 ms  DeleteObjects: 0.041800 ms)

========================================================================
Received Prepare
Registering precompiled user dll's ...
Registered in 0.005886 seconds.
Begin MonoManager ReloadAssembly
Native extension for WindowsStandalone target not found
Refreshing native plugins compatible for Editor in 1.18 ms, found 1 plugins.
Preloading 0 native plugins for Editor in 0.00 ms.
Mono: successfully reloaded assembly
- Completed reload, in  3.588 seconds
Platform modules already initialized, skipping
Refreshing native plugins compatible for Editor in 1.85 ms, found 1 plugins.
Preloading 0 native plugins for Editor in 0.00 ms.
Unloading 2682 Unused Serialized files (Serialized files now loaded: 0)
System memory in use before: 100.0 MB.
System memory in use after: 100.2 MB.

Unloading 9 unused Assets to reduce memory usage. Loaded Objects now: 3322.
Total: 9.291400 ms (FindLiveObjects: 0.715500 ms CreateObjectMapping: 0.474200 ms MarkObjects: 8.033700 ms  DeleteObjects: 0.064000 ms)

========================================================================
Received Prepare
Registering precompiled user dll's ...
Registered in 0.007508 seconds.
Begin MonoManager ReloadAssembly
Native extension for WindowsStandalone target not found
Refreshing native plugins compatible for Editor in 1.69 ms, found 1 plugins.
Preloading 0 native plugins for Editor in 0.00 ms.
Mono: successfully reloaded assembly
- Completed reload, in  3.466 seconds
Platform modules already initialized, skipping
Refreshing native plugins compatible for Editor in 2.05 ms, found 1 plugins.
Preloading 0 native plugins for Editor in 0.00 ms.
Unloading 2682 Unused Serialized files (Serialized files now loaded: 0)
System memory in use before: 100.0 MB.
System memory in use after: 100.3 MB.

Unloading 9 unused Assets to reduce memory usage. Loaded Objects now: 3325.
Total: 7.722400 ms (FindLiveObjects: 0.774500 ms CreateObjectMapping: 0.804100 ms MarkObjects: 6.096400 ms  DeleteObjects: 0.044200 ms)

========================================================================
Received Prepare
Registering precompiled user dll's ...
Registered in 0.006779 seconds.
Begin MonoManager ReloadAssembly
Native extension for WindowsStandalone target not found
Refreshing native plugins compatible for Editor in 2.14 ms, found 1 plugins.
Preloading 0 native plugins for Editor in 0.00 ms.
Mono: successfully reloaded assembly
- Completed reload, in  3.314 seconds
Platform modules already initialized, skipping
Refreshing native plugins compatible for Editor in 1.86 ms, found 1 plugins.
Preloading 0 native plugins for Editor in 0.00 ms.
Unloading 2682 Unused Serialized files (Serialized files now loaded: 0)
System memory in use before: 100.0 MB.
System memory in use after: 100.3 MB.

Unloading 9 unused Assets to reduce memory usage. Loaded Objects now: 3328.
Total: 5.852500 ms (FindLiveObjects: 0.702900 ms CreateObjectMapping: 0.315000 ms MarkObjects: 4.789800 ms  DeleteObjects: 0.042100 ms)

========================================================================
Received Prepare
Registering precompiled user dll's ...
Registered in 0.008040 seconds.
Begin MonoManager ReloadAssembly
Native extension for WindowsStandalone target not found
Refreshing native plugins compatible for Editor in 1.44 ms, found 1 plugins.
Preloading 0 native plugins for Editor in 0.00 ms.
Mono: successfully reloaded assembly
- Completed reload, in  3.514 seconds
Platform modules already initialized, skipping
Refreshing native plugins compatible for Editor in 1.76 ms, found 1 plugins.
Preloading 0 native plugins for Editor in 0.00 ms.
Unloading 2682 Unused Serialized files (Serialized files now loaded: 0)
System memory in use before: 100.0 MB.
System memory in use after: 100.3 MB.

Unloading 9 unused Assets to reduce memory usage. Loaded Objects now: 3331.
Total: 7.106800 ms (FindLiveObjects: 1.147400 ms CreateObjectMapping: 0.527100 ms MarkObjects: 5.378800 ms  DeleteObjects: 0.048900 ms)

========================================================================
Received Import Request.
  Time since last request: 776.741311 seconds.
  path: Assets/Scenes/LoadingScene.unity
  artifactKey: Guid(2c75de75e10b9a243b7dd7e6933a8c5c) Importer(815301076,1909f56bfc062723c751e8b465ee728b)
Start importing Assets/Scenes/LoadingScene.unity using Guid(2c75de75e10b9a243b7dd7e6933a8c5c) Importer(815301076,1909f56bfc062723c751e8b465ee728b)  -> (artifact id: '75eda7d4fded8e340bfbec816c9e28ff') in 0.065728 seconds 
========================================================================
Received Prepare
Refreshing native plugins compatible for Editor in 8.72 ms, found 1 plugins.
Preloading 0 native plugins for Editor in 0.00 ms.
Unloading 8 Unused Serialized files (Serialized files now loaded: 0)
System memory in use before: 47.0 MB.
System memory in use after: 47.3 MB.

Unloading 7 unused Assets to reduce memory usage. Loaded Objects now: 3331.
Total: 16.348100 ms (FindLiveObjects: 2.126800 ms CreateObjectMapping: 2.002900 ms MarkObjects: 12.148900 ms  DeleteObjects: 0.065000 ms)

========================================================================
Received Prepare
Registering precompiled user dll's ...
Registered in 0.009137 seconds.
Begin MonoManager ReloadAssembly
Native extension for WindowsStandalone target not found
Refreshing native plugins compatible for Editor in 1.20 ms, found 1 plugins.
Preloading 0 native plugins for Editor in 0.00 ms.
Mono: successfully reloaded assembly
- Completed reload, in  3.217 seconds
Platform modules already initialized, skipping
Refreshing native plugins compatible for Editor in 1.84 ms, found 1 plugins.
Preloading 0 native plugins for Editor in 0.00 ms.
Unloading 2682 Unused Serialized files (Serialized files now loaded: 0)
System memory in use before: 100.2 MB.
System memory in use after: 100.4 MB.

Unloading 9 unused Assets to reduce memory usage. Loaded Objects now: 3334.
Total: 10.712300 ms (FindLiveObjects: 1.251800 ms CreateObjectMapping: 0.699500 ms MarkObjects: 8.694600 ms  DeleteObjects: 0.061900 ms)

========================================================================
Received Prepare
Registering precompiled user dll's ...
Registered in 0.009923 seconds.
Begin MonoManager ReloadAssembly
Native extension for WindowsStandalone target not found
Refreshing native plugins compatible for Editor in 2.62 ms, found 1 plugins.
Preloading 0 native plugins for Editor in 0.00 ms.
Mono: successfully reloaded assembly
- Completed reload, in  3.848 seconds
Platform modules already initialized, skipping
Refreshing native plugins compatible for Editor in 2.19 ms, found 1 plugins.
Preloading 0 native plugins for Editor in 0.00 ms.
Unloading 2682 Unused Serialized files (Serialized files now loaded: 0)
System memory in use before: 100.2 MB.
System memory in use after: 100.4 MB.

Unloading 9 unused Assets to reduce memory usage. Loaded Objects now: 3337.
Total: 7.614600 ms (FindLiveObjects: 0.516500 ms CreateObjectMapping: 0.336400 ms MarkObjects: 6.710700 ms  DeleteObjects: 0.047300 ms)

========================================================================
Received Prepare
Registering precompiled user dll's ...
Registered in 0.006967 seconds.
Begin MonoManager ReloadAssembly
Native extension for WindowsStandalone target not found
Refreshing native plugins compatible for Editor in 1.75 ms, found 1 plugins.
Preloading 0 native plugins for Editor in 0.00 ms.
Mono: successfully reloaded assembly
- Completed reload, in  3.981 seconds
Platform modules already initialized, skipping
Refreshing native plugins compatible for Editor in 2.12 ms, found 1 plugins.
Preloading 0 native plugins for Editor in 0.00 ms.
Unloading 2682 Unused Serialized files (Serialized files now loaded: 0)
System memory in use before: 100.2 MB.
System memory in use after: 100.4 MB.

Unloading 9 unused Assets to reduce memory usage. Loaded Objects now: 3340.
Total: 8.403700 ms (FindLiveObjects: 0.933600 ms CreateObjectMapping: 0.682300 ms MarkObjects: 6.743900 ms  DeleteObjects: 0.040100 ms)

========================================================================
Received Prepare
Registering precompiled user dll's ...
Registered in 0.006125 seconds.
Begin MonoManager ReloadAssembly
Native extension for WindowsStandalone target not found
Refreshing native plugins compatible for Editor in 2.34 ms, found 1 plugins.
Preloading 0 native plugins for Editor in 0.00 ms.
Mono: successfully reloaded assembly
- Completed reload, in  3.329 seconds
Platform modules already initialized, skipping
Refreshing native plugins compatible for Editor in 2.32 ms, found 1 plugins.
Preloading 0 native plugins for Editor in 0.00 ms.
Unloading 2682 Unused Serialized files (Serialized files now loaded: 0)
System memory in use before: 100.2 MB.
System memory in use after: 100.4 MB.

Unloading 9 unused Assets to reduce memory usage. Loaded Objects now: 3343.
Total: 7.916300 ms (FindLiveObjects: 0.675000 ms CreateObjectMapping: 0.315100 ms MarkObjects: 6.871700 ms  DeleteObjects: 0.051000 ms)

========================================================================
Received Prepare
Registering precompiled user dll's ...
Registered in 0.008991 seconds.
Begin MonoManager ReloadAssembly
Native extension for WindowsStandalone target not found
Refreshing native plugins compatible for Editor in 1.32 ms, found 1 plugins.
Preloading 0 native plugins for Editor in 0.00 ms.
Mono: successfully reloaded assembly
- Completed reload, in  2.913 seconds
Platform modules already initialized, skipping
Refreshing native plugins compatible for Editor in 1.17 ms, found 1 plugins.
Preloading 0 native plugins for Editor in 0.00 ms.
Unloading 2682 Unused Serialized files (Serialized files now loaded: 0)
System memory in use before: 100.2 MB.
System memory in use after: 100.4 MB.

Unloading 9 unused Assets to reduce memory usage. Loaded Objects now: 3346.
Total: 5.978200 ms (FindLiveObjects: 0.594000 ms CreateObjectMapping: 0.219400 ms MarkObjects: 5.108500 ms  DeleteObjects: 0.052800 ms)

AssetImportWorkerClient::OnTransportError - code=2 error=End of file
